This file contains any messages produced by compilers while
running configure, to aid debugging if configure makes a mistake.

It was created by MPFR configure 3.1.4, which was
generated by GNU Autoconf 2.69.  Invocation command line was

  $ ./configure --no-create --no-recursion

## --------- ##
## Platform. ##
## --------- ##

hostname = raspberrypi
uname -m = armv7l
uname -r = 5.4.79-v7l+
uname -s = Linux
uname -v = #1373 SMP Mon Nov 23 13:27:40 GMT 2020

/usr/bin/uname -p = unknown
/bin/uname -X     = unknown

/bin/arch              = armv7l
/usr/bin/arch -k       = unknown
/usr/convex/getsysinfo = unknown
/usr/bin/hostinfo      = unknown
/bin/machine           = unknown
/usr/bin/oslevel       = unknown
/bin/universe          = unknown

PATH: /usr/local/sbin
PATH: /usr/local/bin
PATH: /usr/sbin
PATH: /usr/bin
PATH: /sbin
PATH: /bin
PATH: /usr/local/games
PATH: /usr/games


## ----------- ##
## Core tests. ##
## ----------- ##

configure:2641: checking for a BSD-compatible install
configure:2709: result: /usr/bin/install -c
configure:2720: checking whether build environment is sane
configure:2775: result: yes
configure:2924: checking for a thread-safe mkdir -p
configure:2963: result: /usr/bin/mkdir -p
configure:2970: checking for gawk
configure:2986: found /usr/bin/gawk
configure:2997: result: gawk
configure:3008: checking whether make sets $(MAKE)
configure:3030: result: yes
configure:3059: checking whether make supports nested variables
configure:3076: result: yes
configure:3194: checking whether to enable maintainer-specific portions of Makefiles
configure:3203: result: yes
configure:3231: checking build system type
configure:3245: result: armv7l-unknown-linux-gnueabihf
configure:3265: checking host system type
configure:3278: result: armv7l-unknown-linux-gnueabihf
configure:3299: checking for grep that handles long lines and -e
configure:3357: result: /usr/bin/grep
configure:3362: checking for egrep
configure:3424: result: /usr/bin/grep -E
configure:3429: checking for a sed that does not truncate output
configure:3493: result: /usr/bin/sed
configure:3736: checking for CC and CFLAGS in gmp.h
configure:3772: result: yes CC= CFLAGS=
configure:3844: checking for gcc
configure:3860: found /usr/bin/gcc
configure:3871: result: gcc
configure:4100: checking for C compiler version
configure:4109: gcc --version >&5
gcc (Raspbian 8.3.0-6+rpi1) 8.3.0
Copyright (C) 2018 Free Software Foundation, Inc.
This is free software; see the source for copying conditions.  There is NO
warranty; not even for MERCHANTABILITY or FITNESS FOR A PARTICULAR PURPOSE.

configure:4120: $? = 0
configure:4109: gcc -v >&5
Using built-in specs.
COLLECT_GCC=gcc
COLLECT_LTO_WRAPPER=/usr/lib/gcc/arm-linux-gnueabihf/8/lto-wrapper
Target: arm-linux-gnueabihf
Configured with: ../src/configure -v --with-pkgversion='Raspbian 8.3.0-6+rpi1' --with-bugurl=file:///usr/share/doc/gcc-8/README.Bugs --enable-languages=c,ada,c++,go,d,fortran,objc,obj-c++ --prefix=/usr --with-gcc-major-version-only --program-suffix=-8 --program-prefix=arm-linux-gnueabihf- --enable-shared --enable-linker-build-id --libexecdir=/usr/lib --without-included-gettext --enable-threads=posix --libdir=/usr/lib --enable-nls --enable-bootstrap --enable-clocale=gnu --enable-libstdcxx-debug --enable-libstdcxx-time=yes --with-default-libstdcxx-abi=new --enable-gnu-unique-object --disable-libitm --disable-libquadmath --disable-libquadmath-support --enable-plugin --with-system-zlib --with-target-system-zlib --enable-objc-gc=auto --enable-multiarch --disable-sjlj-exceptions --with-arch=armv6 --with-fpu=vfp --with-float=hard --disable-werror --enable-checking=release --build=arm-linux-gnueabihf --host=arm-linux-gnueabihf --target=arm-linux-gnueabihf
Thread model: posix
gcc version 8.3.0 (Raspbian 8.3.0-6+rpi1) 
configure:4120: $? = 0
configure:4109: gcc -V >&5
gcc: error: unrecognized command line option '-V'
gcc: fatal error: no input files
compilation terminated.
configure:4120: $? = 1
configure:4109: gcc -qversion >&5
gcc: error: unrecognized command line option '-qversion'; did you mean '--version'?
gcc: fatal error: no input files
compilation terminated.
configure:4120: $? = 1
configure:4140: checking whether the C compiler works
configure:4162: gcc    conftest.c  >&5
configure:4166: $? = 0
configure:4214: result: yes
configure:4217: checking for C compiler default output file name
configure:4219: result: a.out
configure:4225: checking for suffix of executables
configure:4232: gcc -o conftest    conftest.c  >&5
configure:4236: $? = 0
configure:4258: result: 
configure:4280: checking whether we are cross compiling
configure:4288: gcc -o conftest    conftest.c  >&5
configure:4292: $? = 0
configure:4299: ./conftest
configure:4303: $? = 0
configure:4291: result: no
configure:4296: checking for suffix of object files
configure:4318: gcc -c   conftest.c >&5
configure:4322: $? = 0
configure:4343: result: o
configure:4347: checking whether we are using the GNU C compiler
configure:4366: gcc -c   conftest.c >&5
configure:4366: $? = 0
configure:4375: result: yes
configure:4384: checking whether gcc accepts -g
configure:4404: gcc -c -g  conftest.c >&5
configure:4404: $? = 0
configure:4445: result: yes
configure:4462: checking for gcc option to accept ISO C89
configure:4525: gcc  -c -g -O2  conftest.c >&5
configure:4525: $? = 0
configure:4538: result: none needed
configure:4563: checking whether gcc understands -c and -o together
configure:4585: gcc -c conftest.c -o conftest2.o
configure:4588: $? = 0
configure:4585: gcc -c conftest.c -o conftest2.o
configure:4588: $? = 0
configure:4600: result: yes
configure:4628: checking for style of include used by make
configure:4656: result: GNU
configure:4682: checking dependency style of gcc
configure:4793: result: gcc3
configure:4813: checking how to run the C preprocessor
configure:4844: gcc -E  conftest.c
configure:4844: $? = 0
configure:4858: gcc -E  conftest.c
conftest.c:9:10: fatal error: ac_nonexistent.h: No such file or directory
 #include <ac_nonexistent.h>
          ^~~~~~~~~~~~~~~~~~
compilation terminated.
configure:4858: $? = 1
configure: failed program was:
| /* confdefs.h */
| #define PACKAGE_NAME "MPFR"
| #define PACKAGE_TARNAME "mpfr"
| #define PACKAGE_VERSION "3.1.4"
| #define PACKAGE_STRING "MPFR 3.1.4"
| #define PACKAGE_BUGREPORT ""
| #define PACKAGE_URL ""
| /* end confdefs.h.  */
| #include <ac_nonexistent.h>
configure:4883: result: gcc -E
configure:4903: gcc -E  conftest.c
configure:4903: $? = 0
configure:4917: gcc -E  conftest.c
conftest.c:9:10: fatal error: ac_nonexistent.h: No such file or directory
 #include <ac_nonexistent.h>
          ^~~~~~~~~~~~~~~~~~
compilation terminated.
configure:4917: $? = 1
configure: failed program was:
| /* confdefs.h */
| #define PACKAGE_NAME "MPFR"
| #define PACKAGE_TARNAME "mpfr"
| #define PACKAGE_VERSION "3.1.4"
| #define PACKAGE_STRING "MPFR 3.1.4"
| #define PACKAGE_BUGREPORT ""
| #define PACKAGE_URL ""
| /* end confdefs.h.  */
| #include <ac_nonexistent.h>
configure:5002: checking for ar
configure:5018: found /usr/bin/ar
configure:5029: result: ar
configure:5055: checking the archiver (ar) interface
configure:5071: gcc -c -g -O2  conftest.c >&5
configure:5071: $? = 0
configure:5073: ar cru libconftest.a conftest.o >&5
ar: `u' modifier ignored since `D' is the default (see `U')
configure:5076: $? = 0
configure:5075: result: ar
configure:5213: checking for ICC
configure:5231: gcc -c -g -O2  conftest.c >&5
conftest.c:11:3: error: #error "ICC Not Found"
 # error "ICC Not Found"
   ^~~~~
conftest.c:12:6: error: expected ';' before 'int'
 error
      ^
      ;
conftest.c:15:1:
 int
 ~~~   
configure:5231: $? = 1
configure: failed program was:
| /* confdefs.h */
| #define PACKAGE_NAME "MPFR"
| #define PACKAGE_TARNAME "mpfr"
| #define PACKAGE_VERSION "3.1.4"
| #define PACKAGE_STRING "MPFR 3.1.4"
| #define PACKAGE_BUGREPORT ""
| #define PACKAGE_URL ""
| /* end confdefs.h.  */
| 
| #if !defined(__ICC)
| # error "ICC Not Found"
| error
| #endif
| 
| int
| main ()
| {
| 
|   ;
|   return 0;
| }
configure:5238: result: no
configure:5245: checking whether the selected language is C++
configure:5263: gcc -c -Wpointer-arith -g -O2  conftest.c >&5
configure:5263: $? = 0
configure:5265: result: no
configure:5316: checking for an ANSI C-conforming const
configure:5382: gcc -c -Wall -Wmissing-prototypes -Wpointer-arith -g -O2  conftest.c >&5
configure:5382: $? = 0
configure:5389: result: yes
configure:5397: checking for working volatile
configure:5416: gcc -c -Wall -Wmissing-prototypes -Wpointer-arith -g -O2  conftest.c >&5
configure:5416: $? = 0
configure:5423: result: yes
configure:5589: checking for main in -lm
configure:5608: gcc -o conftest -Wall -Wmissing-prototypes -Wpointer-arith -g -O2   conftest.c -lm   >&5
configure:5608: $? = 0
configure:5617: result: yes
configure:5626: checking whether time.h and sys/time.h may both be included
configure:5646: gcc -c -Wall -Wmissing-prototypes -Wpointer-arith -g -O2  conftest.c >&5
configure:5646: $? = 0
configure:5653: result: yes
configure:5662: checking for ANSI C header files
configure:5682: gcc -c -Wall -Wmissing-prototypes -Wpointer-arith -g -O2  conftest.c >&5
configure:5682: $? = 0
configure:5755: gcc -o conftest -Wall -Wmissing-prototypes -Wpointer-arith -g -O2   conftest.c  >&5
configure:5755: $? = 0
configure:5755: ./conftest
configure:5755: $? = 0
configure:5766: result: yes
configure:5779: checking for sys/types.h
configure:5779: gcc -c -Wall -Wmissing-prototypes -Wpointer-arith -g -O2  conftest.c >&5
configure:5779: $? = 0
configure:5779: result: yes
configure:5779: checking for sys/stat.h
configure:5779: gcc -c -Wall -Wmissing-prototypes -Wpointer-arith -g -O2  conftest.c >&5
configure:5779: $? = 0
configure:5779: result: yes
configure:5779: checking for stdlib.h
configure:5779: gcc -c -Wall -Wmissing-prototypes -Wpointer-arith -g -O2  conftest.c >&5
configure:5779: $? = 0
configure:5779: result: yes
configure:5779: checking for string.h
configure:5779: gcc -c -Wall -Wmissing-prototypes -Wpointer-arith -g -O2  conftest.c >&5
configure:5779: $? = 0
configure:5779: result: yes
configure:5779: checking for memory.h
configure:5779: gcc -c -Wall -Wmissing-prototypes -Wpointer-arith -g -O2  conftest.c >&5
configure:5779: $? = 0
configure:5779: result: yes
configure:5779: checking for strings.h
configure:5779: gcc -c -Wall -Wmissing-prototypes -Wpointer-arith -g -O2  conftest.c >&5
configure:5779: $? = 0
configure:5779: result: yes
configure:5779: checking for inttypes.h
configure:5779: gcc -c -Wall -Wmissing-prototypes -Wpointer-arith -g -O2  conftest.c >&5
configure:5779: $? = 0
configure:5779: result: yes
configure:5779: checking for stdint.h
configure:5779: gcc -c -Wall -Wmissing-prototypes -Wpointer-arith -g -O2  conftest.c >&5
configure:5779: $? = 0
configure:5779: result: yes
configure:5779: checking for unistd.h
configure:5779: gcc -c -Wall -Wmissing-prototypes -Wpointer-arith -g -O2  conftest.c >&5
configure:5779: $? = 0
configure:5779: result: yes
configure:5791: checking for size_t
configure:5791: gcc -c -Wall -Wmissing-prototypes -Wpointer-arith -g -O2  conftest.c >&5
configure:5791: $? = 0
configure:5791: gcc -c -Wall -Wmissing-prototypes -Wpointer-arith -g -O2  conftest.c >&5
conftest.c: In function 'main':
conftest.c:56:21: error: expected expression before ')' token
 if (sizeof ((size_t)))
                     ^
configure:5791: $? = 1
configure: failed program was:
| /* confdefs.h */
| #define PACKAGE_NAME "MPFR"
| #define PACKAGE_TARNAME "mpfr"
| #define PACKAGE_VERSION "3.1.4"
| #define PACKAGE_STRING "MPFR 3.1.4"
| #define PACKAGE_BUGREPORT ""
| #define PACKAGE_URL ""
| #define TIME_WITH_SYS_TIME 1
| #define STDC_HEADERS 1
| #define HAVE_SYS_TYPES_H 1
| #define HAVE_SYS_STAT_H 1
| #define HAVE_STDLIB_H 1
| #define HAVE_STRING_H 1
| #define HAVE_MEMORY_H 1
| #define HAVE_STRINGS_H 1
| #define HAVE_INTTYPES_H 1
| #define HAVE_STDINT_H 1
| #define HAVE_UNISTD_H 1
| /* end confdefs.h.  */
| #include <stdio.h>
| #ifdef HAVE_SYS_TYPES_H
| # include <sys/types.h>
| #endif
| #ifdef HAVE_SYS_STAT_H
| # include <sys/stat.h>
| #endif
| #ifdef STDC_HEADERS
| # include <stdlib.h>
| # include <stddef.h>
| #else
| # ifdef HAVE_STDLIB_H
| #  include <stdlib.h>
| # endif
| #endif
| #ifdef HAVE_STRING_H
| # if !defined STDC_HEADERS && defined HAVE_MEMORY_H
| #  include <memory.h>
| # endif
| # include <string.h>
| #endif
| #ifdef HAVE_STRINGS_H
| # include <strings.h>
| #endif
| #ifdef HAVE_INTTYPES_H
| # include <inttypes.h>
| #endif
| #ifdef HAVE_STDINT_H
| # include <stdint.h>
| #endif
| #ifdef HAVE_UNISTD_H
| # include <unistd.h>
| #endif
| int
| main ()
| {
| if (sizeof ((size_t)))
| 	    return 0;
|   ;
|   return 0;
| }
configure:5791: result: yes
configure:5808: checking limits.h usability
configure:5808: gcc -c -Wall -Wmissing-prototypes -Wpointer-arith -g -O2  conftest.c >&5
configure:5808: $? = 0
configure:5808: result: yes
configure:5808: checking limits.h presence
configure:5808: gcc -E  conftest.c
configure:5808: $? = 0
configure:5808: result: yes
configure:5808: checking for limits.h
configure:5808: result: yes
configure:5816: checking float.h usability
configure:5816: gcc -c -Wall -Wmissing-prototypes -Wpointer-arith -g -O2  conftest.c >&5
configure:5816: $? = 0
configure:5816: result: yes
configure:5816: checking float.h presence
configure:5816: gcc -E  conftest.c
configure:5816: $? = 0
configure:5816: result: yes
configure:5816: checking for float.h
configure:5816: result: yes
configure:5824: checking for string.h
configure:5824: result: yes
configure:5835: checking locale.h usability
configure:5835: gcc -c -Wall -Wmissing-prototypes -Wpointer-arith -g -O2  conftest.c >&5
configure:5835: $? = 0
configure:5835: result: yes
configure:5835: checking locale.h presence
configure:5835: gcc -E  conftest.c
configure:5835: $? = 0
configure:5835: result: yes
configure:5835: checking for locale.h
configure:5835: result: yes
configure:5848: checking wchar.h usability
configure:5848: gcc -c -Wall -Wmissing-prototypes -Wpointer-arith -g -O2  conftest.c >&5
configure:5848: $? = 0
configure:5848: result: yes
configure:5848: checking wchar.h presence
configure:5848: gcc -E  conftest.c
configure:5848: $? = 0
configure:5848: result: yes
configure:5848: checking for wchar.h
configure:5848: result: yes
configure:5859: checking stdarg.h usability
configure:5859: gcc -c -Wall -Wmissing-prototypes -Wpointer-arith -g -O2  conftest.c >&5
configure:5859: $? = 0
configure:5859: result: yes
configure:5859: checking stdarg.h presence
configure:5859: gcc -E  conftest.c
configure:5859: $? = 0
configure:5859: result: yes
configure:5859: checking for stdarg.h
configure:5859: result: yes
configure:5880: checking sys/time.h usability
configure:5880: gcc -c -Wall -Wmissing-prototypes -Wpointer-arith -g -O2  conftest.c >&5
configure:5880: $? = 0
configure:5880: result: yes
configure:5880: checking sys/time.h presence
configure:5880: gcc -E  conftest.c
configure:5880: $? = 0
configure:5880: result: yes
configure:5880: checking for sys/time.h
configure:5880: result: yes
configure:5880: checking sys/fpu.h usability
configure:5880: gcc -c -Wall -Wmissing-prototypes -Wpointer-arith -g -O2  conftest.c >&5
conftest.c:57:10: fatal error: sys/fpu.h: No such file or directory
 #include <sys/fpu.h>
          ^~~~~~~~~~~
compilation terminated.
configure:5880: $? = 1
configure: failed program was:
| /* confdefs.h */
| #define PACKAGE_NAME "MPFR"
| #define PACKAGE_TARNAME "mpfr"
| #define PACKAGE_VERSION "3.1.4"
| #define PACKAGE_STRING "MPFR 3.1.4"
| #define PACKAGE_BUGREPORT ""
| #define PACKAGE_URL ""
| #define TIME_WITH_SYS_TIME 1
| #define STDC_HEADERS 1
| #define HAVE_SYS_TYPES_H 1
| #define HAVE_SYS_STAT_H 1
| #define HAVE_STDLIB_H 1
| #define HAVE_STRING_H 1
| #define HAVE_MEMORY_H 1
| #define HAVE_STRINGS_H 1
| #define HAVE_INTTYPES_H 1
| #define HAVE_STDINT_H 1
| #define HAVE_UNISTD_H 1
| #define HAVE_LOCALE_H 1
| #define HAVE_WCHAR_H 1
| #define HAVE_STDARG 1
| #define HAVE_SYS_TIME_H 1
| /* end confdefs.h.  */
| #include <stdio.h>
| #ifdef HAVE_SYS_TYPES_H
| # include <sys/types.h>
| #endif
| #ifdef HAVE_SYS_STAT_H
| # include <sys/stat.h>
| #endif
| #ifdef STDC_HEADERS
| # include <stdlib.h>
| # include <stddef.h>
| #else
| # ifdef HAVE_STDLIB_H
| #  include <stdlib.h>
| # endif
| #endif
| #ifdef HAVE_STRING_H
| # if !defined STDC_HEADERS && defined HAVE_MEMORY_H
| #  include <memory.h>
| # endif
| # include <string.h>
| #endif
| #ifdef HAVE_STRINGS_H
| # include <strings.h>
| #endif
| #ifdef HAVE_INTTYPES_H
| # include <inttypes.h>
| #endif
| #ifdef HAVE_STDINT_H
| # include <stdint.h>
| #endif
| #ifdef HAVE_UNISTD_H
| # include <unistd.h>
| #endif
| #include <sys/fpu.h>
configure:5880: result: no
configure:5880: checking sys/fpu.h presence
configure:5880: gcc -E  conftest.c
conftest.c:24:10: fatal error: sys/fpu.h: No such file or directory
 #include <sys/fpu.h>
          ^~~~~~~~~~~
compilation terminated.
configure:5880: $? = 1
configure: failed program was:
| /* confdefs.h */
| #define PACKAGE_NAME "MPFR"
| #define PACKAGE_TARNAME "mpfr"
| #define PACKAGE_VERSION "3.1.4"
| #define PACKAGE_STRING "MPFR 3.1.4"
| #define PACKAGE_BUGREPORT ""
| #define PACKAGE_URL ""
| #define TIME_WITH_SYS_TIME 1
| #define STDC_HEADERS 1
| #define HAVE_SYS_TYPES_H 1
| #define HAVE_SYS_STAT_H 1
| #define HAVE_STDLIB_H 1
| #define HAVE_STRING_H 1
| #define HAVE_MEMORY_H 1
| #define HAVE_STRINGS_H 1
| #define HAVE_INTTYPES_H 1
| #define HAVE_STDINT_H 1
| #define HAVE_UNISTD_H 1
| #define HAVE_LOCALE_H 1
| #define HAVE_WCHAR_H 1
| #define HAVE_STDARG 1
| #define HAVE_SYS_TIME_H 1
| /* end confdefs.h.  */
| #include <sys/fpu.h>
configure:5880: result: no
configure:5880: checking for sys/fpu.h
configure:5880: result: no
configure:5891: checking for struct lconv.decimal_point
configure:5891: gcc -c -Wall -Wmissing-prototypes -Wpointer-arith -g -O2  conftest.c >&5
configure:5891: $? = 0
configure:5891: result: yes
configure:5901: checking for struct lconv.thousands_sep
configure:5901: gcc -c -Wall -Wmissing-prototypes -Wpointer-arith -g -O2  conftest.c >&5
configure:5901: $? = 0
configure:5901: result: yes
configure:5915: checking for working alloca.h
configure:5932: gcc -o conftest -Wall -Wmissing-prototypes -Wpointer-arith -g -O2   conftest.c  >&5
configure:5932: $? = 0
configure:5940: result: yes
configure:5948: checking for alloca
configure:5985: gcc -o conftest -Wall -Wmissing-prototypes -Wpointer-arith -g -O2   conftest.c  >&5
configure:5985: $? = 0
configure:5993: result: yes
configure:6103: checking for stdint.h
configure:6103: result: yes
configure:6113: checking for SIZE_MAX
configure:6188: result: yes
configure:6199: checking how to copy va_list
configure:6217: gcc -o conftest -Wall -Wmissing-prototypes -Wpointer-arith -g -O2   conftest.c  >&5
configure:6217: $? = 0
configure:6219: result: va_copy
configure:6258: checking for memmove
configure:6258: gcc -o conftest -Wall -Wmissing-prototypes -Wpointer-arith -g -O2   conftest.c  >&5
conftest.c:53:6: warning: conflicting types for built-in function 'memmove' [-Wbuiltin-declaration-mismatch]
 char memmove ();
      ^~~~~~~
configure:6258: $? = 0
configure:6258: result: yes
configure:6258: checking for memset
configure:6258: gcc -o conftest -Wall -Wmissing-prototypes -Wpointer-arith -g -O2   conftest.c  >&5
conftest.c:54:6: warning: conflicting types for built-in function 'memset' [-Wbuiltin-declaration-mismatch]
 char memset ();
      ^~~~~~
configure:6258: $? = 0
configure:6258: result: yes
configure:6258: checking for setlocale
configure:6258: gcc -o conftest -Wall -Wmissing-prototypes -Wpointer-arith -g -O2   conftest.c  >&5
configure:6258: $? = 0
configure:6258: result: yes
configure:6258: checking for strtol
configure:6258: gcc -o conftest -Wall -Wmissing-prototypes -Wpointer-arith -g -O2   conftest.c  >&5
configure:6258: $? = 0
configure:6258: result: yes
configure:6258: checking for gettimeofday
configure:6258: gcc -o conftest -Wall -Wmissing-prototypes -Wpointer-arith -g -O2   conftest.c  >&5
configure:6258: $? = 0
configure:6258: result: yes
configure:6311: checking for long long int
configure:6311: gcc -c -Wall -Wmissing-prototypes -Wpointer-arith -g -O2  conftest.c >&5
configure:6311: $? = 0
configure:6311: gcc -c -Wall -Wmissing-prototypes -Wpointer-arith -g -O2  conftest.c >&5
conftest.c: In function 'main':
conftest.c:71:28: error: expected expression before ')' token
 if (sizeof ((long long int)))
                            ^
configure:6311: $? = 1
configure: failed program was:
| /* confdefs.h */
| #define PACKAGE_NAME "MPFR"
| #define PACKAGE_TARNAME "mpfr"
| #define PACKAGE_VERSION "3.1.4"
| #define PACKAGE_STRING "MPFR 3.1.4"
| #define PACKAGE_BUGREPORT ""
| #define PACKAGE_URL ""
| #define TIME_WITH_SYS_TIME 1
| #define STDC_HEADERS 1
| #define HAVE_SYS_TYPES_H 1
| #define HAVE_SYS_STAT_H 1
| #define HAVE_STDLIB_H 1
| #define HAVE_STRING_H 1
| #define HAVE_MEMORY_H 1
| #define HAVE_STRINGS_H 1
| #define HAVE_INTTYPES_H 1
| #define HAVE_STDINT_H 1
| #define HAVE_UNISTD_H 1
| #define HAVE_LOCALE_H 1
| #define HAVE_WCHAR_H 1
| #define HAVE_STDARG 1
| #define HAVE_SYS_TIME_H 1
| #define HAVE_STRUCT_LCONV_DECIMAL_POINT 1
| #define HAVE_STRUCT_LCONV_THOUSANDS_SEP 1
| #define HAVE_ALLOCA_H 1
| #define HAVE_ALLOCA 1
| #define HAVE_STDINT_H 1
| #define HAVE_VA_COPY 1
| #define HAVE_MEMMOVE 1
| #define HAVE_MEMSET 1
| #define HAVE_SETLOCALE 1
| #define HAVE_STRTOL 1
| #define HAVE_GETTIMEOFDAY 1
| /* end confdefs.h.  */
| #include <stdio.h>
| #ifdef HAVE_SYS_TYPES_H
| # include <sys/types.h>
| #endif
| #ifdef HAVE_SYS_STAT_H
| # include <sys/stat.h>
| #endif
| #ifdef STDC_HEADERS
| # include <stdlib.h>
| # include <stddef.h>
| #else
| # ifdef HAVE_STDLIB_H
| #  include <stdlib.h>
| # endif
| #endif
| #ifdef HAVE_STRING_H
| # if !defined STDC_HEADERS && defined HAVE_MEMORY_H
| #  include <memory.h>
| # endif
| # include <string.h>
| #endif
| #ifdef HAVE_STRINGS_H
| # include <strings.h>
| #endif
| #ifdef HAVE_INTTYPES_H
| # include <inttypes.h>
| #endif
| #ifdef HAVE_STDINT_H
| # include <stdint.h>
| #endif
| #ifdef HAVE_UNISTD_H
| # include <unistd.h>
| #endif
| int
| main ()
| {
| if (sizeof ((long long int)))
| 	    return 0;
|   ;
|   return 0;
| }
configure:6311: result: yes
configure:6319: checking for intmax_t
configure:6319: gcc -c -Wall -Wmissing-prototypes -Wpointer-arith -g -O2  conftest.c >&5
configure:6319: $? = 0
configure:6319: gcc -c -Wall -Wmissing-prototypes -Wpointer-arith -g -O2  conftest.c >&5
conftest.c: In function 'main':
conftest.c:72:23: error: expected expression before ')' token
 if (sizeof ((intmax_t)))
                       ^
configure:6319: $? = 1
configure: failed program was:
| /* confdefs.h */
| #define PACKAGE_NAME "MPFR"
| #define PACKAGE_TARNAME "mpfr"
| #define PACKAGE_VERSION "3.1.4"
| #define PACKAGE_STRING "MPFR 3.1.4"
| #define PACKAGE_BUGREPORT ""
| #define PACKAGE_URL ""
| #define TIME_WITH_SYS_TIME 1
| #define STDC_HEADERS 1
| #define HAVE_SYS_TYPES_H 1
| #define HAVE_SYS_STAT_H 1
| #define HAVE_STDLIB_H 1
| #define HAVE_STRING_H 1
| #define HAVE_MEMORY_H 1
| #define HAVE_STRINGS_H 1
| #define HAVE_INTTYPES_H 1
| #define HAVE_STDINT_H 1
| #define HAVE_UNISTD_H 1
| #define HAVE_LOCALE_H 1
| #define HAVE_WCHAR_H 1
| #define HAVE_STDARG 1
| #define HAVE_SYS_TIME_H 1
| #define HAVE_STRUCT_LCONV_DECIMAL_POINT 1
| #define HAVE_STRUCT_LCONV_THOUSANDS_SEP 1
| #define HAVE_ALLOCA_H 1
| #define HAVE_ALLOCA 1
| #define HAVE_STDINT_H 1
| #define HAVE_VA_COPY 1
| #define HAVE_MEMMOVE 1
| #define HAVE_MEMSET 1
| #define HAVE_SETLOCALE 1
| #define HAVE_STRTOL 1
| #define HAVE_GETTIMEOFDAY 1
| #define HAVE_LONG_LONG 1
| /* end confdefs.h.  */
| #include <stdio.h>
| #ifdef HAVE_SYS_TYPES_H
| # include <sys/types.h>
| #endif
| #ifdef HAVE_SYS_STAT_H
| # include <sys/stat.h>
| #endif
| #ifdef STDC_HEADERS
| # include <stdlib.h>
| # include <stddef.h>
| #else
| # ifdef HAVE_STDLIB_H
| #  include <stdlib.h>
| # endif
| #endif
| #ifdef HAVE_STRING_H
| # if !defined STDC_HEADERS && defined HAVE_MEMORY_H
| #  include <memory.h>
| # endif
| # include <string.h>
| #endif
| #ifdef HAVE_STRINGS_H
| # include <strings.h>
| #endif
| #ifdef HAVE_INTTYPES_H
| # include <inttypes.h>
| #endif
| #ifdef HAVE_STDINT_H
| # include <stdint.h>
| #endif
| #ifdef HAVE_UNISTD_H
| # include <unistd.h>
| #endif
| int
| main ()
| {
| if (sizeof ((intmax_t)))
| 	    return 0;
|   ;
|   return 0;
| }
configure:6319: result: yes
configure:6330: checking for working INTMAX_MAX
configure:6350: gcc -c -Wall -Wmissing-prototypes -Wpointer-arith -g -O2  -I./src conftest.c >&5
configure:6350: $? = 0
configure:6359: result: yes
configure:6368: checking for union fpc_csr
configure:6368: gcc -c -Wall -Wmissing-prototypes -Wpointer-arith -g -O2  conftest.c >&5
conftest.c: In function 'main':
conftest.c:47:13: error: invalid application of 'sizeof' to incomplete type 'union fpc_csr'
 if (sizeof (union fpc_csr))
             ^~~~~
configure:6368: $? = 1
configure: failed program was:
| /* confdefs.h */
| #define PACKAGE_NAME "MPFR"
| #define PACKAGE_TARNAME "mpfr"
| #define PACKAGE_VERSION "3.1.4"
| #define PACKAGE_STRING "MPFR 3.1.4"
| #define PACKAGE_BUGREPORT ""
| #define PACKAGE_URL ""
| #define TIME_WITH_SYS_TIME 1
| #define STDC_HEADERS 1
| #define HAVE_SYS_TYPES_H 1
| #define HAVE_SYS_STAT_H 1
| #define HAVE_STDLIB_H 1
| #define HAVE_STRING_H 1
| #define HAVE_MEMORY_H 1
| #define HAVE_STRINGS_H 1
| #define HAVE_INTTYPES_H 1
| #define HAVE_STDINT_H 1
| #define HAVE_UNISTD_H 1
| #define HAVE_LOCALE_H 1
| #define HAVE_WCHAR_H 1
| #define HAVE_STDARG 1
| #define HAVE_SYS_TIME_H 1
| #define HAVE_STRUCT_LCONV_DECIMAL_POINT 1
| #define HAVE_STRUCT_LCONV_THOUSANDS_SEP 1
| #define HAVE_ALLOCA_H 1
| #define HAVE_ALLOCA 1
| #define HAVE_STDINT_H 1
| #define HAVE_VA_COPY 1
| #define HAVE_MEMMOVE 1
| #define HAVE_MEMSET 1
| #define HAVE_SETLOCALE 1
| #define HAVE_STRTOL 1
| #define HAVE_GETTIMEOFDAY 1
| #define HAVE_LONG_LONG 1
| #define HAVE_INTMAX_T 1
| #define MPFR_HAVE_INTMAX_MAX 1
| /* end confdefs.h.  */
| 
| #if HAVE_SYS_FPU_H
| #  include <sys/fpu.h>
| #endif
| 
| 
| int
| main ()
| {
| if (sizeof (union fpc_csr))
| 	 return 0;
|   ;
|   return 0;
| }
configure:6368: result: no
configure:6381: checking for fesetround
configure:6400: gcc -o conftest -Wall -Wmissing-prototypes -Wpointer-arith -g -O2   conftest.c  -lm >&5
configure:6400: $? = 0
configure:6410: result: yes
configure:6419: checking for gcc float-conversion bug
configure:6459: gcc -o conftest -Wall -Wmissing-prototypes -Wpointer-arith -g -O2   conftest.c  -lm >&5
configure:6459: $? = 0
configure:6459: ./conftest
configure:6459: $? = 0
configure:6471: result: no
configure:6478: checking for subnormal numbers
configure:6498: gcc -o conftest -Wall -Wmissing-prototypes -Wpointer-arith -g -O2   conftest.c  >&5
configure:6498: $? = 0
configure:6498: ./conftest
1.112537e-308
configure:6498: $? = 0
configure:6509: result: yes
configure:6517: checking for signed zeros
configure:6534: gcc -o conftest -Wall -Wmissing-prototypes -Wpointer-arith -g -O2   conftest.c  >&5
configure:6534: $? = 0
configure:6534: ./conftest
configure:6534: $? = 0
configure:6545: result: yes
configure:6553: checking if the FP division by 0 fails
configure:6574: gcc -o conftest -Wall -Wmissing-prototypes -Wpointer-arith -g -O2   conftest.c  >&5
configure:6574: $? = 0
configure:6574: ./conftest
configure:6574: $? = 0
configure:6585: result: no
configure:6599: checking if NAN == NAN
configure:6623: gcc -o conftest -Wall -Wmissing-prototypes -Wpointer-arith -g -O2   conftest.c  >&5
configure:6623: $? = 0
configure:6623: ./conftest
configure:6623: $? = 1
configure: program exited with status 1
configure: failed program was:
| /* confdefs.h */
| #define PACKAGE_NAME "MPFR"
| #define PACKAGE_TARNAME "mpfr"
| #define PACKAGE_VERSION "3.1.4"
| #define PACKAGE_STRING "MPFR 3.1.4"
| #define PACKAGE_BUGREPORT ""
| #define PACKAGE_URL ""
| #define TIME_WITH_SYS_TIME 1
| #define STDC_HEADERS 1
| #define HAVE_SYS_TYPES_H 1
| #define HAVE_SYS_STAT_H 1
| #define HAVE_STDLIB_H 1
| #define HAVE_STRING_H 1
| #define HAVE_MEMORY_H 1
| #define HAVE_STRINGS_H 1
| #define HAVE_INTTYPES_H 1
| #define HAVE_STDINT_H 1
| #define HAVE_UNISTD_H 1
| #define HAVE_LOCALE_H 1
| #define HAVE_WCHAR_H 1
| #define HAVE_STDARG 1
| #define HAVE_SYS_TIME_H 1
| #define HAVE_STRUCT_LCONV_DECIMAL_POINT 1
| #define HAVE_STRUCT_LCONV_THOUSANDS_SEP 1
| #define HAVE_ALLOCA_H 1
| #define HAVE_ALLOCA 1
| #define HAVE_STDINT_H 1
| #define HAVE_VA_COPY 1
| #define HAVE_MEMMOVE 1
| #define HAVE_MEMSET 1
| #define HAVE_SETLOCALE 1
| #define HAVE_STRTOL 1
| #define HAVE_GETTIMEOFDAY 1
| #define HAVE_LONG_LONG 1
| #define HAVE_INTMAX_T 1
| #define MPFR_HAVE_INTMAX_MAX 1
| #define MPFR_HAVE_FESETROUND 1
| #define HAVE_DENORMS 1
| #define HAVE_SIGNEDZ 1
| /* end confdefs.h.  */
| 
| #include <stdio.h>
| #include <math.h>
| #ifndef NAN
| # define NAN (0.0/0.0)
| #endif
| int main (void) {
|   double d;
|   d = NAN;
|   return d != d;
| }
| 
configure:6634: result: no
configure:6662: checking if charset has consecutive values
configure:6692: gcc -o conftest -Wall -Wmissing-prototypes -Wpointer-arith -g -O2   conftest.c  >&5
configure:6692: $? = 0
configure:6692: ./conftest
configure:6692: $? = 0
configure:6693: result: yes
configure:6711: checking for math/round
configure:6729: gcc -o conftest -Wall -Wmissing-prototypes -Wpointer-arith -g -O2   conftest.c  -lm >&5
configure:6729: $? = 0
configure:6731: result: yes
configure:6744: checking for math/trunc
configure:6762: gcc -o conftest -Wall -Wmissing-prototypes -Wpointer-arith -g -O2   conftest.c  -lm >&5
configure:6762: $? = 0
configure:6764: result: yes
configure:6777: checking for math/floor
configure:6795: gcc -o conftest -Wall -Wmissing-prototypes -Wpointer-arith -g -O2   conftest.c  -lm >&5
configure:6795: $? = 0
configure:6797: result: yes
configure:6810: checking for math/ceil
configure:6828: gcc -o conftest -Wall -Wmissing-prototypes -Wpointer-arith -g -O2   conftest.c  -lm >&5
configure:6828: $? = 0
configure:6830: result: yes
configure:6843: checking for math/nearbyint
configure:6861: gcc -o conftest -Wall -Wmissing-prototypes -Wpointer-arith -g -O2   conftest.c  -lm >&5
configure:6861: $? = 0
configure:6863: result: yes
configure:6881: checking for long double
configure:6881: gcc -c -Wall -Wmissing-prototypes -Wpointer-arith -g -O2  conftest.c >&5
configure:6881: $? = 0
configure:6881: gcc -c -Wall -Wmissing-prototypes -Wpointer-arith -g -O2  conftest.c >&5
conftest.c: In function 'main':
conftest.c:82:26: error: expected expression before ')' token
 if (sizeof ((long double)))
                          ^
configure:6881: $? = 1
configure: failed program was:
| /* confdefs.h */
| #define PACKAGE_NAME "MPFR"
| #define PACKAGE_TARNAME "mpfr"
| #define PACKAGE_VERSION "3.1.4"
| #define PACKAGE_STRING "MPFR 3.1.4"
| #define PACKAGE_BUGREPORT ""
| #define PACKAGE_URL ""
| #define TIME_WITH_SYS_TIME 1
| #define STDC_HEADERS 1
| #define HAVE_SYS_TYPES_H 1
| #define HAVE_SYS_STAT_H 1
| #define HAVE_STDLIB_H 1
| #define HAVE_STRING_H 1
| #define HAVE_MEMORY_H 1
| #define HAVE_STRINGS_H 1
| #define HAVE_INTTYPES_H 1
| #define HAVE_STDINT_H 1
| #define HAVE_UNISTD_H 1
| #define HAVE_LOCALE_H 1
| #define HAVE_WCHAR_H 1
| #define HAVE_STDARG 1
| #define HAVE_SYS_TIME_H 1
| #define HAVE_STRUCT_LCONV_DECIMAL_POINT 1
| #define HAVE_STRUCT_LCONV_THOUSANDS_SEP 1
| #define HAVE_ALLOCA_H 1
| #define HAVE_ALLOCA 1
| #define HAVE_STDINT_H 1
| #define HAVE_VA_COPY 1
| #define HAVE_MEMMOVE 1
| #define HAVE_MEMSET 1
| #define HAVE_SETLOCALE 1
| #define HAVE_STRTOL 1
| #define HAVE_GETTIMEOFDAY 1
| #define HAVE_LONG_LONG 1
| #define HAVE_INTMAX_T 1
| #define MPFR_HAVE_INTMAX_MAX 1
| #define MPFR_HAVE_FESETROUND 1
| #define HAVE_DENORMS 1
| #define HAVE_SIGNEDZ 1
| #define HAVE_ROUND 1
| #define HAVE_TRUNC 1
| #define HAVE_FLOOR 1
| #define HAVE_CEIL 1
| #define HAVE_NEARBYINT 1
| /* end confdefs.h.  */
| #include <stdio.h>
| #ifdef HAVE_SYS_TYPES_H
| # include <sys/types.h>
| #endif
| #ifdef HAVE_SYS_STAT_H
| # include <sys/stat.h>
| #endif
| #ifdef STDC_HEADERS
| # include <stdlib.h>
| # include <stddef.h>
| #else
| # ifdef HAVE_STDLIB_H
| #  include <stdlib.h>
| # endif
| #endif
| #ifdef HAVE_STRING_H
| # if !defined STDC_HEADERS && defined HAVE_MEMORY_H
| #  include <memory.h>
| # endif
| # include <string.h>
| #endif
| #ifdef HAVE_STRINGS_H
| # include <strings.h>
| #endif
| #ifdef HAVE_INTTYPES_H
| # include <inttypes.h>
| #endif
| #ifdef HAVE_STDINT_H
| # include <stdint.h>
| #endif
| #ifdef HAVE_UNISTD_H
| # include <unistd.h>
| #endif
| int
| main ()
| {
| if (sizeof ((long double)))
| 	    return 0;
|   ;
|   return 0;
| }
configure:6881: result: yes
configure:6891: checking format of `long double' floating point
configure:6918: gcc -Wall -Wmissing-prototypes -Wpointer-arith -g -O2  -c conftest.c >&5 2>&1
configure:6921: $? = 0
configure:7193: result: IEEE double, little endian
configure:7223: WARNING: oops, unrecognised float format: IEEE double, little endian
configure:7238: checking for TLS support using C11
configure:7259: gcc -o conftest -Wall -Wmissing-prototypes -Wpointer-arith -g -O2  -I./src  conftest.c  >&5
configure:7259: $? = 0
configure:7259: ./conftest
configure:7259: $? = 0
configure:7260: result: yes
configure:7342: checking for library containing clock_gettime
configure:7373: gcc -o conftest -Wall -Wmissing-prototypes -Wpointer-arith -g -O2   conftest.c  >&5
configure:7373: $? = 0
configure:7390: result: none required
configure:7406: checking for gmp.h
configure:7414: gcc -c -Wall -Wmissing-prototypes -Wpointer-arith -g -O2  conftest.c >&5
configure:7414: $? = 0
configure:7415: result: yes
configure:7474: checking how to print strings
configure:7501: result: printf
configure:7522: checking for a sed that does not truncate output
configure:7586: result: /usr/bin/sed
configure:7604: checking for fgrep
configure:7666: result: /usr/bin/grep -F
configure:7701: checking for ld used by gcc
configure:7768: result: /usr/bin/ld
configure:7775: checking if the linker (/usr/bin/ld) is GNU ld
configure:7790: result: yes
configure:7802: checking for BSD- or MS-compatible name lister (nm)
configure:7856: result: /usr/bin/nm -B
configure:7986: checking the name lister (/usr/bin/nm -B) interface
configure:7993: gcc -c -Wall -Wmissing-prototypes -Wpointer-arith -g -O2  conftest.c >&5
configure:7996: /usr/bin/nm -B "conftest.o"
configure:7999: output
00000000 B some_variable
configure:8000: result: BSD nm
configure:8003: checking whether ln -s works
configure:8007: result: yes
configure:8015: checking the maximum length of command line arguments
configure:8146: result: 1572864
configure:8194: checking how to convert armv7l-unknown-linux-gnueabihf file names to armv7l-unknown-linux-gnueabihf format
configure:8234: result: func_convert_file_noop
configure:8241: checking how to convert armv7l-unknown-linux-gnueabihf file names to toolchain format
configure:8261: result: func_convert_file_noop
configure:8268: checking for /usr/bin/ld option to reload object files
configure:8275: result: -r
configure:8349: checking for objdump
configure:8365: found /usr/bin/objdump
configure:8376: result: objdump
configure:8405: checking how to recognize dependent libraries
configure:8605: result: pass_all
configure:8690: checking for dlltool
configure:8720: result: no
configure:8747: checking how to associate runtime and link libraries
configure:8774: result: printf %s\n
configure:8898: checking for archiver @FILE support
configure:8915: gcc -c -Wall -Wmissing-prototypes -Wpointer-arith -g -O2  conftest.c >&5
configure:8915: $? = 0
configure:8918: ar cru libconftest.a @conftest.lst >&5
ar: `u' modifier ignored since `D' is the default (see `U')
configure:8921: $? = 0
configure:8926: ar cru libconftest.a @conftest.lst >&5
ar: `u' modifier ignored since `D' is the default (see `U')
ar: conftest.o: No such file or directory
configure:8929: $? = 1
configure:8928: result: @
configure:8986: checking for strip
configure:9002: found /usr/bin/strip
configure:9013: result: strip
configure:9085: checking for ranlib
configure:9101: found /usr/bin/ranlib
configure:9112: result: ranlib
configure:9214: checking command to parse /usr/bin/nm -B output from gcc object
configure:9367: gcc -c -Wall -Wmissing-prototypes -Wpointer-arith -g -O2  conftest.c >&5
configure:9370: $? = 0
configure:9374: /usr/bin/nm -B conftest.o \| sed -n -e 's/^.*[ ]\([ABCDGIRSTW][ABCDGIRSTW]*\)[ ][ ]*\([_A-Za-z][_A-Za-z0-9]*\)$/\1 \2 \2/p' | sed '/ __gnu_lto/d' \> conftest.nm
configure:9377: $? = 0
configure:9443: gcc -o conftest -Wall -Wmissing-prototypes -Wpointer-arith -g -O2   conftest.c conftstm.o >&5
configure:9446: $? = 0
configure:9484: result: ok
configure:9531: checking for sysroot
configure:9561: result: no
configure:9568: checking for a working dd
configure:9606: result: /usr/bin/dd
configure:9610: checking how to truncate binary pipes
configure:9625: result: /usr/bin/dd bs=4096 count=1
configure:9954: checking for mt
configure:9970: found /usr/bin/mt
configure:9981: result: mt
configure:10004: checking if mt is a manifest tool
configure:10010: mt '-?'
configure:10018: result: no
configure:10692: checking for dlfcn.h
configure:10692: gcc -c -Wall -Wmissing-prototypes -Wpointer-arith -g -O2  conftest.c >&5
configure:10692: $? = 0
configure:10692: result: yes
configure:11246: checking for objdir
configure:11261: result: .libs
configure:11525: checking if gcc supports -fno-rtti -fno-exceptions
configure:11543: gcc -c -Wall -Wmissing-prototypes -Wpointer-arith -g -O2  -fno-rtti -fno-exceptions conftest.c >&5
cc1: warning: command line option '-fno-rtti' is valid for C++/ObjC++ but not for C
configure:11547: $? = 0
configure:11560: result: no
configure:11918: checking for gcc option to produce PIC
configure:11925: result: -fPIC -DPIC
configure:11933: checking if gcc PIC flag -fPIC -DPIC works
configure:11951: gcc -c -Wall -Wmissing-prototypes -Wpointer-arith -g -O2  -fPIC -DPIC -DPIC conftest.c >&5
configure:11955: $? = 0
configure:11968: result: yes
configure:11997: checking if gcc static flag -static works
configure:12025: result: yes
configure:12040: checking if gcc supports -c -o file.o
configure:12061: gcc -c -Wall -Wmissing-prototypes -Wpointer-arith -g -O2  -o out/conftest2.o conftest.c >&5
configure:12065: $? = 0
configure:12087: result: yes
configure:12095: checking if gcc supports -c -o file.o
configure:12142: result: yes
configure:12175: checking whether the gcc linker (/usr/bin/ld) supports shared libraries
configure:13440: result: yes
configure:13477: checking whether -lc should be explicitly linked in
configure:13485: gcc -c -Wall -Wmissing-prototypes -Wpointer-arith -g -O2  conftest.c >&5
configure:13488: $? = 0
configure:13503: gcc -shared  -fPIC -DPIC conftest.o  -v -Wl,-soname -Wl,conftest -o conftest 2\>\&1 \| /usr/bin/grep  -lc  \>/dev/null 2\>\&1
configure:13506: $? = 0
configure:13520: result: no
configure:13680: checking dynamic linker characteristics
configure:14261: gcc -o conftest -Wall -Wmissing-prototypes -Wpointer-arith -g -O2   -Wl,-rpath -Wl,/foo conftest.c  >&5
configure:14261: $? = 0
configure:14510: result: GNU/Linux ld.so
configure:14632: checking how to hardcode library paths into programs
configure:14657: result: immediate
configure:15205: checking whether stripping libraries is possible
configure:15210: result: yes
configure:15245: checking if libtool supports shared libraries
configure:15247: result: yes
configure:15250: checking whether to build shared libraries
configure:15275: result: yes
configure:15278: checking whether to build static libraries
configure:15282: result: yes
configure:12161: checking whether gcc __attribute__ ((mode (XX))) works
configure:12177: gcc -c -Wall -Wmissing-prototypes -Wpointer-arith -g -O2  conftest.c >&5
configure:12177: $? = 0
configure:12185: result: yes
configure:12196: checking for recent GMP
configure:12208: gcc -c -Wall -Wmissing-prototypes -Wpointer-arith -g -O2  conftest.c >&5
configure:12208: $? = 0
configure:12209: result: yes
configure:12220: checking usable gmp.h at link time
configure:12235: gcc -o conftest -Wall -Wmissing-prototypes -Wpointer-arith -g -O2   conftest.c  >&5
configure:12235: $? = 0
configure:12236: result: yes
configure:12278: checking for GMP_NUMB_BITS and sizeof(mp_limb_t) consistency
configure:12307: gcc -o conftest -Wall -Wmissing-prototypes -Wpointer-arith -g -O2   conftest.c  >&5
configure:12307: $? = 0
configure:12307: ./conftest
configure:12307: $? = 0
configure:12308: result: yes
configure:12324: checking for __gmpz_init in -lgmp
configure:12349: gcc -o conftest -Wall -Wmissing-prototypes -Wpointer-arith -g -O2   conftest.c -lgmp   >&5
configure:12349: $? = 0
configure:12358: result: yes
configure:12368: checking if gmp.h version and libgmp version are the same
configure:12404: gcc -o conftest -Wall -Wmissing-prototypes -Wpointer-arith -g -O2   conftest.c -lgmp  >&5
configure:12404: $? = 0
configure:12404: ./conftest
configure:12404: $? = 0
configure:12405: result: yes
configure:12408: checking for GMP library vs header correctness
configure:12453: gcc -o conftest -Wall -Wmissing-prototypes -Wpointer-arith -g -O2   conftest.c -lgmp  >&5
configure:12453: $? = 0
configure:12453: ./conftest
GMP_NAIL_BITS     = 0
GMP_NUMB_BITS     = 32
mp_bits_per_limb  = 32
sizeof(mp_limb_t) = 4
configure:12453: $? = 0
configure:12464: result: yes
configure:12473: checking for double-to-integer conversion bug
configure:12511: gcc -o conftest -Wall -Wmissing-prototypes -Wpointer-arith -g -O2   conftest.c -lgmp  >&5
configure:12511: $? = 0
configure:12511: ./conftest
configure:12511: $? = 0
configure:12522: result: no
configure:12533: checking if gmp_printf supports "%jd"
configure:12569: gcc -o conftest -Wall -Wmissing-prototypes -Wpointer-arith -g -O2   conftest.c -lgmp  >&5
configure:12569: $? = 0
configure:12569: ./conftest
configure:12569: $? = 0
configure:12570: result: yes
configure:12588: checking if gmp_printf supports "%hhd"
configure:12619: gcc -o conftest -Wall -Wmissing-prototypes -Wpointer-arith -g -O2   conftest.c -lgmp  >&5
configure:12619: $? = 0
configure:12619: ./conftest
configure:12619: $? = 0
configure:12620: result: yes
configure:12637: checking if gmp_printf supports "%lld"
configure:12668: gcc -o conftest -Wall -Wmissing-prototypes -Wpointer-arith -g -O2   conftest.c -lgmp  >&5
configure:12668: $? = 0
configure:12668: ./conftest
configure:12668: $? = 0
configure:12669: result: yes
configure:12686: checking if gmp_printf supports "%Lf"
configure:12717: gcc -o conftest -Wall -Wmissing-prototypes -Wpointer-arith -g -O2   conftest.c -lgmp  >&5
configure:12717: $? = 0
configure:12717: ./conftest
configure:12717: $? = 0
configure:12718: result: yes
configure:12735: checking if gmp_printf supports "%td"
configure:12771: gcc -o conftest -Wall -Wmissing-prototypes -Wpointer-arith -g -O2   conftest.c -lgmp  >&5
configure:12771: $? = 0
configure:12771: ./conftest
configure:12771: $? = 0
configure:12772: result: yes
configure:12834: checking for __gmpn_rootrem
configure:12834: gcc -o conftest -Wall -Wmissing-prototypes -Wpointer-arith -g -O2   conftest.c -lgmp  >&5
configure:12834: $? = 0
configure:12834: result: yes
configure:12834: checking for __gmpn_sbpi1_divappr_q
configure:12834: gcc -o conftest -Wall -Wmissing-prototypes -Wpointer-arith -g -O2   conftest.c -lgmp  >&5
configure:12834: $? = 0
configure:12834: result: yes
configure:13009: checking that generated files are newer than configure
configure:13015: result: done
configure:13042: creating ./config.status

## ---------------- ##
## Cache variables. ##
## ---------------- ##

ac_cv_build=armv7l-unknown-linux-gnueabihf
ac_cv_c_compiler_gnu=yes
ac_cv_c_const=yes
ac_cv_c_volatile=yes
ac_cv_env_CC_set=
ac_cv_env_CC_value=
ac_cv_env_CFLAGS_set=
ac_cv_env_CFLAGS_value=
ac_cv_env_CPPFLAGS_set=
ac_cv_env_CPPFLAGS_value=
ac_cv_env_CPP_set=
ac_cv_env_CPP_value=
ac_cv_env_LDFLAGS_set=
ac_cv_env_LDFLAGS_value=
ac_cv_env_LIBS_set=
ac_cv_env_LIBS_value=
ac_cv_env_LT_SYS_LIBRARY_PATH_set=
ac_cv_env_LT_SYS_LIBRARY_PATH_value=
ac_cv_env_build_alias_set=
ac_cv_env_build_alias_value=
ac_cv_env_host_alias_set=
ac_cv_env_host_alias_value=
ac_cv_env_target_alias_set=
ac_cv_env_target_alias_value=
ac_cv_func___gmpn_rootrem=yes
ac_cv_func___gmpn_sbpi1_divappr_q=yes
ac_cv_func_alloca_works=yes
ac_cv_func_gettimeofday=yes
ac_cv_func_memmove=yes
ac_cv_func_memset=yes
ac_cv_func_setlocale=yes
ac_cv_func_strtol=yes
ac_cv_header_dlfcn_h=yes
ac_cv_header_float_h=yes
ac_cv_header_inttypes_h=yes
ac_cv_header_limits_h=yes
ac_cv_header_locale_h=yes
ac_cv_header_memory_h=yes
ac_cv_header_stdarg_h=yes
ac_cv_header_stdc=yes
ac_cv_header_stdint_h=yes
ac_cv_header_stdlib_h=yes
ac_cv_header_string_h=yes
ac_cv_header_strings_h=yes
ac_cv_header_sys_fpu_h=no
ac_cv_header_sys_stat_h=yes
ac_cv_header_sys_time_h=yes
ac_cv_header_sys_types_h=yes
ac_cv_header_time=yes
ac_cv_header_unistd_h=yes
ac_cv_header_wchar_h=yes
ac_cv_host=armv7l-unknown-linux-gnueabihf
ac_cv_lib_gmp___gmpz_init=yes
ac_cv_lib_m_main=yes
ac_cv_member_struct_lconv_decimal_point=yes
ac_cv_member_struct_lconv_thousands_sep=yes
ac_cv_objext=o
ac_cv_path_EGREP='/usr/bin/grep -E'
ac_cv_path_FGREP='/usr/bin/grep -F'
ac_cv_path_GREP=/usr/bin/grep
ac_cv_path_SED=/usr/bin/sed
ac_cv_path_install='/usr/bin/install -c'
ac_cv_path_lt_DD=/usr/bin/dd
ac_cv_path_mkdir=/usr/bin/mkdir
ac_cv_prog_AWK=gawk
ac_cv_prog_CPP='gcc -E'
ac_cv_prog_ac_ct_AR=ar
ac_cv_prog_ac_ct_CC=gcc
ac_cv_prog_ac_ct_MANIFEST_TOOL=mt
ac_cv_prog_ac_ct_OBJDUMP=objdump
ac_cv_prog_ac_ct_RANLIB=ranlib
ac_cv_prog_ac_ct_STRIP=strip
ac_cv_prog_cc_c89=
ac_cv_prog_cc_g=yes
ac_cv_prog_make_make_set=yes
ac_cv_search_clock_gettime='none required'
ac_cv_type_intmax_t=yes
ac_cv_type_long_double=yes
ac_cv_type_long_long_int=yes
ac_cv_type_size_t=yes
ac_cv_type_union_fpc_csr=no
ac_cv_working_alloca_h=yes
am_cv_CC_dependencies_compiler_type=gcc3
am_cv_ar_interface=ar
am_cv_make_support_nested_variables=yes
am_cv_prog_cc_c_o=yes
gl_cv_size_max=yes
gmp_cv_c_attribute_mode=yes
lt_cv_ar_at_file=@
lt_cv_archive_cmds_need_lc=no
lt_cv_deplibs_check_method=pass_all
lt_cv_file_magic_cmd='$MAGIC_CMD'
lt_cv_file_magic_test_file=
lt_cv_ld_reload_flag=-r
lt_cv_nm_interface='BSD nm'
lt_cv_objdir=.libs
lt_cv_path_LD=/usr/bin/ld
lt_cv_path_NM='/usr/bin/nm -B'
lt_cv_path_mainfest_tool=no
lt_cv_prog_compiler_c_o=yes
lt_cv_prog_compiler_pic='-fPIC -DPIC'
lt_cv_prog_compiler_pic_works=yes
lt_cv_prog_compiler_rtti_exceptions=no
lt_cv_prog_compiler_static_works=yes
lt_cv_prog_gnu_ld=yes
lt_cv_sharedlib_from_linklib_cmd='printf %s\n'
lt_cv_shlibpath_overrides_runpath=yes
lt_cv_sys_global_symbol_pipe='sed -n -e '\''s/^.*[	 ]\([ABCDGIRSTW][ABCDGIRSTW]*\)[	 ][	 ]*\([_A-Za-z][_A-Za-z0-9]*\)$/\1 \2 \2/p'\'' | sed '\''/ __gnu_lto/d'\'''
lt_cv_sys_global_symbol_to_c_name_address='sed -n -e '\''s/^: \(.*\) .*$/  {"\1", (void *) 0},/p'\'' -e '\''s/^[ABCDGIRSTW][ABCDGIRSTW]* .* \(.*\)$/  {"\1", (void *) \&\1},/p'\'''
lt_cv_sys_global_symbol_to_c_name_address_lib_prefix='sed -n -e '\''s/^: \(.*\) .*$/  {"\1", (void *) 0},/p'\'' -e '\''s/^[ABCDGIRSTW][ABCDGIRSTW]* .* \(lib.*\)$/  {"\1", (void *) \&\1},/p'\'' -e '\''s/^[ABCDGIRSTW][ABCDGIRSTW]* .* \(.*\)$/  {"lib\1", (void *) \&\1},/p'\'''
lt_cv_sys_global_symbol_to_cdecl='sed -n -e '\''s/^T .* \(.*\)$/extern int \1();/p'\'' -e '\''s/^[ABCDGIRSTW][ABCDGIRSTW]* .* \(.*\)$/extern char \1;/p'\'''
lt_cv_sys_global_symbol_to_import=
lt_cv_sys_max_cmd_len=1572864
lt_cv_to_host_file_cmd=func_convert_file_noop
lt_cv_to_tool_file_cmd=func_convert_file_noop
lt_cv_truncate_bin='/usr/bin/dd bs=4096 count=1'
mpfr_cv_c_long_double_format='IEEE double, little endian'
mpfr_cv_check_gmp=yes
mpfr_cv_dbl_int_bug=no
mpfr_cv_errdivzero=no
mpfr_cv_gcc_floatconv_bug=no
mpfr_cv_have_denorms=yes
mpfr_cv_have_fesetround=yes
mpfr_cv_have_intmax_max=yes
mpfr_cv_have_signedz=yes
mpfr_cv_nanisnan=no

## ----------------- ##
## Output variables. ##
## ----------------- ##

ACLOCAL='${SHELL} /home/pi/nexmon/buildtools/mpfr-3.1.4/missing aclocal-1.15'
ALLOCA=''
AMDEPBACKSLASH='\'
AMDEP_FALSE='#'
AMDEP_TRUE=''
AMTAR='$${TAR-tar}'
AM_BACKSLASH='\'
AM_DEFAULT_V='$(AM_DEFAULT_VERBOSITY)'
AM_DEFAULT_VERBOSITY='1'
AM_V='$(V)'
AR='ar'
AS='as'
AUTOCONF='${SHELL} /home/pi/nexmon/buildtools/mpfr-3.1.4/missing autoconf'
AUTOHEADER='${SHELL} /home/pi/nexmon/buildtools/mpfr-3.1.4/missing autoheader'
AUTOMAKE='${SHELL} /home/pi/nexmon/buildtools/mpfr-3.1.4/missing automake-1.15'
AWK='gawk'
CC='gcc'
CCDEPMODE='depmode=gcc3'
CFLAGS='-Wall -Wmissing-prototypes -Wpointer-arith -g -O2'
CPP='gcc -E'
CPPFLAGS=''
CYGPATH_W='echo'
DATAFILES=''
DEFS='-DTIME_WITH_SYS_TIME=1 -DHAVE_INTTYPES_H=1 -DHAVE_STDINT_H=1 -DHAVE_LOCALE_H=1 -DHAVE_WCHAR_H=1 -DHAVE_STDARG=1 -DHAVE_SYS_TIME_H=1 -DHAVE_STRUCT_LCONV_DECIMAL_POINT=1 -DHAVE_STRUCT_LCONV_THOUSANDS_SEP=1 -DHAVE_ALLOCA_H=1 -DHAVE_STDINT_H=1 -DHAVE_VA_COPY=1 -DHAVE_SETLOCALE=1 -DHAVE_GETTIMEOFDAY=1 -DHAVE_LONG_LONG=1 -DHAVE_INTMAX_T=1 -DMPFR_HAVE_INTMAX_MAX=1 -DMPFR_HAVE_FESETROUND=1 -DHAVE_DENORMS=1 -DHAVE_SIGNEDZ=1 -DHAVE_ROUND=1 -DHAVE_TRUNC=1 -DHAVE_FLOOR=1 -DHAVE_CEIL=1 -DHAVE_NEARBYINT=1 -DMPFR_USE_THREAD_SAFE=1 -DMPFR_USE_C11_THREAD_SAFE=1 -DHAVE_CLOCK_GETTIME=1 -DLT_OBJDIR=\".libs/\" -DHAVE_ATTRIBUTE_MODE=1 -DHAVE___GMPN_ROOTREM=1 -DHAVE___GMPN_SBPI1_DIVAPPR_Q=1'
DEPDIR='.deps'
DLLTOOL='false'
DSYMUTIL=''
DUMPBIN=''
ECHO_C=''
ECHO_N='-n'
ECHO_T=''
EGREP='/usr/bin/grep -E'
EXEEXT=''
FGREP='/usr/bin/grep -F'
GREP='/usr/bin/grep'
INSTALL_DATA='${INSTALL} -m 644'
INSTALL_PROGRAM='${INSTALL}'
INSTALL_SCRIPT='${INSTALL}'
INSTALL_STRIP_PROGRAM='$(install_sh) -c -s'
LD='/usr/bin/ld'
LDFLAGS=''
LIBMPFR_LDFLAGS=''
LIBOBJS=''
LIBS='-lgmp '
LIBTOOL='$(SHELL) $(top_builddir)/libtool'
LIPO=''
LN_S='ln -s'
LTLIBOBJS=''
LT_SYS_LIBRARY_PATH=''
MAINT=''
MAINTAINER_MODE_FALSE='#'
MAINTAINER_MODE_TRUE=''
MAKEINFO='${SHELL} /home/pi/nexmon/buildtools/mpfr-3.1.4/missing makeinfo'
MANIFEST_TOOL=':'
MKDIR_P='/usr/bin/mkdir -p'
MPFR_LDFLAGS=''
MPFR_LIBM='-lm'
NM='/usr/bin/nm -B'
NMEDIT=''
OBJDUMP='objdump'
OBJEXT='o'
OTOOL64=''
OTOOL=''
PACKAGE='mpfr'
PACKAGE_BUGREPORT=''
PACKAGE_NAME='MPFR'
PACKAGE_STRING='MPFR 3.1.4'
PACKAGE_TARNAME='mpfr'
PACKAGE_URL=''
PACKAGE_VERSION='3.1.4'
PATH_SEPARATOR=':'
RANLIB='ranlib'
SED='/usr/bin/sed'
SET_MAKE=''
SHELL='/bin/bash'
STRIP='strip'
TUNE_LIBS=''
VERSION='3.1.4'
ac_ct_AR='ar'
ac_ct_CC='gcc'
ac_ct_DUMPBIN=''
am__EXEEXT_FALSE=''
am__EXEEXT_TRUE='#'
am__fastdepCC_FALSE='#'
am__fastdepCC_TRUE=''
am__include='include'
am__isrc=''
am__leading_dot='.'
am__nodep='_no'
am__quote=''
am__tar='$${TAR-tar} chof - "$$tardir"'
am__untar='$${TAR-tar} xf -'
bindir='${exec_prefix}/bin'
build='armv7l-unknown-linux-gnueabihf'
build_alias=''
build_cpu='armv7l'
build_os='linux-gnueabihf'
build_vendor='unknown'
datadir='${datarootdir}'
datarootdir='${prefix}/share'
docdir='${datarootdir}/doc/${PACKAGE_TARNAME}'
dvidir='${docdir}'
exec_prefix='${prefix}'
host='armv7l-unknown-linux-gnueabihf'
host_alias=''
host_cpu='armv7l'
host_os='linux-gnueabihf'
host_vendor='unknown'
htmldir='${docdir}'
includedir='${prefix}/include'
infodir='${datarootdir}/info'
install_sh='${SHELL} /home/pi/nexmon/buildtools/mpfr-3.1.4/install-sh'
libdir='${exec_prefix}/lib'
libexecdir='${exec_prefix}/libexec'
localedir='${datarootdir}/locale'
localstatedir='${prefix}/var'
mandir='${datarootdir}/man'
mkdir_p='$(MKDIR_P)'
oldincludedir='/usr/include'
pdfdir='${docdir}'
prefix='/usr/local'
program_transform_name='s,x,x,'
psdir='${docdir}'
runstatedir='${localstatedir}/run'
sbindir='${exec_prefix}/sbin'
sharedstatedir='${prefix}/com'
sysconfdir='${prefix}/etc'
target_alias=''

## ----------- ##
## confdefs.h. ##
## ----------- ##

/* confdefs.h */
#define TIME_WITH_SYS_TIME 1
#define HAVE_INTTYPES_H 1
#define HAVE_STDINT_H 1
#define HAVE_LOCALE_H 1
#define HAVE_WCHAR_H 1
#define HAVE_STDARG 1
#define HAVE_SYS_TIME_H 1
#define HAVE_STRUCT_LCONV_DECIMAL_POINT 1
#define HAVE_STRUCT_LCONV_THOUSANDS_SEP 1
#define HAVE_ALLOCA_H 1
#define HAVE_STDINT_H 1
#define HAVE_VA_COPY 1
#define HAVE_SETLOCALE 1
#define HAVE_GETTIMEOFDAY 1
#define HAVE_LONG_LONG 1
#define HAVE_INTMAX_T 1
#define MPFR_HAVE_INTMAX_MAX 1
#define MPFR_HAVE_FESETROUND 1
#define HAVE_DENORMS 1
#define HAVE_SIGNEDZ 1
#define HAVE_ROUND 1
#define HAVE_TRUNC 1
#define HAVE_FLOOR 1
#define HAVE_CEIL 1
#define HAVE_NEARBYINT 1
#define MPFR_USE_THREAD_SAFE 1
#define MPFR_USE_C11_THREAD_SAFE 1
#define HAVE_CLOCK_GETTIME 1
#define LT_OBJDIR ".libs/"
#define HAVE_ATTRIBUTE_MODE 1
#define HAVE___GMPN_ROOTREM 1
#define HAVE___GMPN_SBPI1_DIVAPPR_Q 1

configure: exit 0

## ---------------------- ##
## Running config.status. ##
## ---------------------- ##

This file was extended by MPFR config.status 3.1.4, which was
generated by GNU Autoconf 2.69.  Invocation command line was

  CONFIG_FILES    = 
  CONFIG_HEADERS  = 
  CONFIG_LINKS    = 
  CONFIG_COMMANDS = 
  $ ./config.status 

on raspberrypi

config.status:1020: creating Makefile
config.status:1020: creating doc/Makefile
config.status:1020: creating src/Makefile
config.status:1020: creating tests/Makefile
config.status:1020: creating tune/Makefile
config.status:1020: creating src/mparam.h
config.status:1192: executing depfiles commands
config.status:1192: executing libtool commands
